2024-10-04 15:12:08,576 - Log4JLogChute initialized using file 'velocity.log'
2024-10-04 15:12:08,576 - Initializing Velocity, Calling init()...
2024-10-04 15:12:08,576 - Starting Apache Velocity v1.7 (compiled: 2010-11-19 12:14:37)
2024-10-04 15:12:08,576 - Default Properties File: org/apache/velocity/runtime/defaults/velocity.properties
2024-10-04 15:12:08,576 - Trying to use logger class org.apache.velocity.runtime.log.AvalonLogChute
2024-10-04 15:12:08,576 - Target log system for org.apache.velocity.runtime.log.AvalonLogChute is not available (java.lang.NoClassDefFoundError: org/apache/log/format/Formatter).  Falling back to next log system...
2024-10-04 15:12:08,576 - Trying to use logger class org.apache.velocity.runtime.log.Log4JLogChute
2024-10-04 15:12:08,576 - Using logger class org.apache.velocity.runtime.log.Log4JLogChute
2024-10-04 15:12:08,580 - ResourceLoader instantiated: org.apache.velocity.runtime.resource.loader.ClasspathResourceLoader
2024-10-04 15:12:08,593 - ResourceCache: initialized (class org.apache.velocity.runtime.resource.ResourceCacheImpl) with class java.util.Collections$SynchronizedMap openplatform.cache map.
2024-10-04 15:12:08,594 - Loaded System Directive: org.apache.velocity.runtime.directive.Stop
2024-10-04 15:12:08,595 - Loaded System Directive: org.apache.velocity.runtime.directive.Define
2024-10-04 15:12:08,596 - Loaded System Directive: org.apache.velocity.runtime.directive.Break
2024-10-04 15:12:08,596 - Loaded System Directive: org.apache.velocity.runtime.directive.Evaluate
2024-10-04 15:12:08,597 - Loaded System Directive: org.apache.velocity.runtime.directive.Literal
2024-10-04 15:12:08,598 - Loaded System Directive: org.apache.velocity.runtime.directive.Macro
2024-10-04 15:12:08,599 - Loaded System Directive: org.apache.velocity.runtime.directive.Parse
2024-10-04 15:12:08,600 - Loaded System Directive: org.apache.velocity.runtime.directive.Include
2024-10-04 15:12:08,601 - Loaded System Directive: org.apache.velocity.runtime.directive.Foreach
2024-10-04 15:12:08,629 - Created '20' parsers.
2024-10-04 15:12:08,634 - Velocimacro : "velocimacro.library" is not set.  Trying default library: VM_global_library.vm
2024-10-04 15:12:08,635 - Could not load resource 'VM_global_library.vm' from ResourceLoader org.apache.velocity.runtime.resource.loader.ClasspathResourceLoader: ClasspathResourceLoader Error: cannot find resource VM_global_library.vm
2024-10-04 15:12:08,635 - Velocimacro : Default library not found.
2024-10-04 15:12:08,635 - Velocimacro : allowInline = true : VMs can be defined inline in templates
2024-10-04 15:12:08,635 - Velocimacro : allowInlineToOverride = false : VMs defined inline may NOT replace previous VM definitions
2024-10-04 15:12:08,635 - Velocimacro : allowInlineLocal = false : VMs defined inline will be global in scope if allowed.
2024-10-04 15:12:08,635 - Velocimacro : autoload off : VM system will not automatically reload global library macros
2024-10-04 15:12:08,648 - Parser Exception: templates/java.vm
org.apache.velocity.runtime.parser.ParseException: Encountered "${" at line 31, column 44.
Was expecting one of:
    "," ...
    ")" ...
    
	at org.apache.velocity.runtime.parser.Parser.generateParseException(Parser.java:3679)
	at org.apache.velocity.runtime.parser.Parser.jj_consume_token(Parser.java:3558)
	at org.apache.velocity.runtime.parser.Parser.Method(Parser.java:1364)
	at org.apache.velocity.runtime.parser.Parser.Reference(Parser.java:1446)
	at org.apache.velocity.runtime.parser.Parser.Statement(Parser.java:357)
	at org.apache.velocity.runtime.parser.Parser.Directive(Parser.java:918)
	at org.apache.velocity.runtime.parser.Parser.Statement(Parser.java:379)
	at org.apache.velocity.runtime.parser.Parser.process(Parser.java:317)
	at org.apache.velocity.runtime.parser.Parser.parse(Parser.java:117)
	at org.apache.velocity.runtime.RuntimeInstance.parse(RuntimeInstance.java:1226)
	at org.apache.velocity.runtime.RuntimeInstance.parse(RuntimeInstance.java:1181)
	at org.apache.velocity.Template.process(Template.java:134)
	at org.apache.velocity.runtime.resource.ResourceManagerImpl.loadResource(ResourceManagerImpl.java:437)
	at org.apache.velocity.runtime.resource.ResourceManagerImpl.getResource(ResourceManagerImpl.java:352)
	at org.apache.velocity.runtime.RuntimeInstance.getTemplate(RuntimeInstance.java:1533)
	at org.apache.velocity.runtime.RuntimeInstance.getTemplate(RuntimeInstance.java:1514)
	at org.apache.velocity.app.VelocityEngine.getTemplate(VelocityEngine.java:373)
	at main.sdk.TopJavaSDK.generateJavaCode(TopJavaSDK.java:46)
	at main.sdk.TopJavaSDK.main(TopJavaSDK.java:58)
2024-10-04 15:12:08,650 - ResourceManager.getResource() parse exception
org.apache.velocity.exception.ParseErrorException: Encountered "${" at templates/java.vm[line 31, column 44]
Was expecting one of:
    "," ...
    ")" ...
    
	at org.apache.velocity.Template.process(Template.java:151)
	at org.apache.velocity.runtime.resource.ResourceManagerImpl.loadResource(ResourceManagerImpl.java:437)
	at org.apache.velocity.runtime.resource.ResourceManagerImpl.getResource(ResourceManagerImpl.java:352)
	at org.apache.velocity.runtime.RuntimeInstance.getTemplate(RuntimeInstance.java:1533)
	at org.apache.velocity.runtime.RuntimeInstance.getTemplate(RuntimeInstance.java:1514)
	at org.apache.velocity.app.VelocityEngine.getTemplate(VelocityEngine.java:373)
	at main.sdk.TopJavaSDK.generateJavaCode(TopJavaSDK.java:46)
	at main.sdk.TopJavaSDK.main(TopJavaSDK.java:58)
2024-10-04 15:13:31,795 - Log4JLogChute initialized using file 'velocity.log'
2024-10-04 15:13:31,797 - Initializing Velocity, Calling init()...
2024-10-04 15:13:31,797 - Starting Apache Velocity v1.7 (compiled: 2010-11-19 12:14:37)
2024-10-04 15:13:31,797 - Default Properties File: org/apache/velocity/runtime/defaults/velocity.properties
2024-10-04 15:13:31,797 - Trying to use logger class org.apache.velocity.runtime.log.AvalonLogChute
2024-10-04 15:13:31,797 - Target log system for org.apache.velocity.runtime.log.AvalonLogChute is not available (java.lang.NoClassDefFoundError: org/apache/log/format/Formatter).  Falling back to next log system...
2024-10-04 15:13:31,797 - Trying to use logger class org.apache.velocity.runtime.log.Log4JLogChute
2024-10-04 15:13:31,797 - Using logger class org.apache.velocity.runtime.log.Log4JLogChute
2024-10-04 15:13:31,802 - ResourceLoader instantiated: org.apache.velocity.runtime.resource.loader.ClasspathResourceLoader
2024-10-04 15:13:31,816 - ResourceCache: initialized (class org.apache.velocity.runtime.resource.ResourceCacheImpl) with class java.util.Collections$SynchronizedMap openplatform.cache map.
2024-10-04 15:13:31,818 - Loaded System Directive: org.apache.velocity.runtime.directive.Stop
2024-10-04 15:13:31,819 - Loaded System Directive: org.apache.velocity.runtime.directive.Define
2024-10-04 15:13:31,820 - Loaded System Directive: org.apache.velocity.runtime.directive.Break
2024-10-04 15:13:31,821 - Loaded System Directive: org.apache.velocity.runtime.directive.Evaluate
2024-10-04 15:13:31,822 - Loaded System Directive: org.apache.velocity.runtime.directive.Literal
2024-10-04 15:13:31,823 - Loaded System Directive: org.apache.velocity.runtime.directive.Macro
2024-10-04 15:13:31,825 - Loaded System Directive: org.apache.velocity.runtime.directive.Parse
2024-10-04 15:13:31,826 - Loaded System Directive: org.apache.velocity.runtime.directive.Include
2024-10-04 15:13:31,827 - Loaded System Directive: org.apache.velocity.runtime.directive.Foreach
2024-10-04 15:13:31,862 - Created '20' parsers.
2024-10-04 15:13:31,868 - Velocimacro : "velocimacro.library" is not set.  Trying default library: VM_global_library.vm
2024-10-04 15:13:31,869 - Could not load resource 'VM_global_library.vm' from ResourceLoader org.apache.velocity.runtime.resource.loader.ClasspathResourceLoader: ClasspathResourceLoader Error: cannot find resource VM_global_library.vm
2024-10-04 15:13:31,869 - Velocimacro : Default library not found.
2024-10-04 15:13:31,869 - Velocimacro : allowInline = true : VMs can be defined inline in templates
2024-10-04 15:13:31,869 - Velocimacro : allowInlineToOverride = false : VMs defined inline may NOT replace previous VM definitions
2024-10-04 15:13:31,870 - Velocimacro : allowInlineLocal = false : VMs defined inline will be global in scope if allowed.
2024-10-04 15:13:31,870 - Velocimacro : autoload off : VM system will not automatically reload global library macros
2024-10-04 15:13:31,886 - Parser Exception: templates/java.vm
org.apache.velocity.runtime.parser.ParseException: Encountered "${" at line 31, column 44.
Was expecting one of:
    "," ...
    ")" ...
    
	at org.apache.velocity.runtime.parser.Parser.generateParseException(Parser.java:3679)
	at org.apache.velocity.runtime.parser.Parser.jj_consume_token(Parser.java:3558)
	at org.apache.velocity.runtime.parser.Parser.Method(Parser.java:1364)
	at org.apache.velocity.runtime.parser.Parser.Reference(Parser.java:1446)
	at org.apache.velocity.runtime.parser.Parser.Statement(Parser.java:357)
	at org.apache.velocity.runtime.parser.Parser.Directive(Parser.java:918)
	at org.apache.velocity.runtime.parser.Parser.Statement(Parser.java:379)
	at org.apache.velocity.runtime.parser.Parser.process(Parser.java:317)
	at org.apache.velocity.runtime.parser.Parser.parse(Parser.java:117)
	at org.apache.velocity.runtime.RuntimeInstance.parse(RuntimeInstance.java:1226)
	at org.apache.velocity.runtime.RuntimeInstance.parse(RuntimeInstance.java:1181)
	at org.apache.velocity.Template.process(Template.java:134)
	at org.apache.velocity.runtime.resource.ResourceManagerImpl.loadResource(ResourceManagerImpl.java:437)
	at org.apache.velocity.runtime.resource.ResourceManagerImpl.getResource(ResourceManagerImpl.java:352)
	at org.apache.velocity.runtime.RuntimeInstance.getTemplate(RuntimeInstance.java:1533)
	at org.apache.velocity.runtime.RuntimeInstance.getTemplate(RuntimeInstance.java:1514)
	at org.apache.velocity.app.VelocityEngine.getTemplate(VelocityEngine.java:373)
	at main.sdk.TopJavaSDK.generateJavaCode(TopJavaSDK.java:46)
	at main.sdk.TopJavaSDK.main(TopJavaSDK.java:58)
2024-10-04 15:13:31,890 - ResourceManager.getResource() parse exception
org.apache.velocity.exception.ParseErrorException: Encountered "${" at templates/java.vm[line 31, column 44]
Was expecting one of:
    "," ...
    ")" ...
    
	at org.apache.velocity.Template.process(Template.java:151)
	at org.apache.velocity.runtime.resource.ResourceManagerImpl.loadResource(ResourceManagerImpl.java:437)
	at org.apache.velocity.runtime.resource.ResourceManagerImpl.getResource(ResourceManagerImpl.java:352)
	at org.apache.velocity.runtime.RuntimeInstance.getTemplate(RuntimeInstance.java:1533)
	at org.apache.velocity.runtime.RuntimeInstance.getTemplate(RuntimeInstance.java:1514)
	at org.apache.velocity.app.VelocityEngine.getTemplate(VelocityEngine.java:373)
	at main.sdk.TopJavaSDK.generateJavaCode(TopJavaSDK.java:46)
	at main.sdk.TopJavaSDK.main(TopJavaSDK.java:58)
2024-10-04 15:14:53,918 - Log4JLogChute initialized using file 'velocity.log'
2024-10-04 15:14:53,918 - Initializing Velocity, Calling init()...
2024-10-04 15:14:53,919 - Starting Apache Velocity v1.7 (compiled: 2010-11-19 12:14:37)
2024-10-04 15:14:53,919 - Default Properties File: org/apache/velocity/runtime/defaults/velocity.properties
2024-10-04 15:14:53,919 - Trying to use logger class org.apache.velocity.runtime.log.AvalonLogChute
2024-10-04 15:14:53,919 - Target log system for org.apache.velocity.runtime.log.AvalonLogChute is not available (java.lang.NoClassDefFoundError: org/apache/log/format/Formatter).  Falling back to next log system...
2024-10-04 15:14:53,919 - Trying to use logger class org.apache.velocity.runtime.log.Log4JLogChute
2024-10-04 15:14:53,919 - Using logger class org.apache.velocity.runtime.log.Log4JLogChute
2024-10-04 15:14:53,923 - ResourceLoader instantiated: org.apache.velocity.runtime.resource.loader.ClasspathResourceLoader
2024-10-04 15:14:53,933 - ResourceCache: initialized (class org.apache.velocity.runtime.resource.ResourceCacheImpl) with class java.util.Collections$SynchronizedMap openplatform.cache map.
2024-10-04 15:14:53,934 - Loaded System Directive: org.apache.velocity.runtime.directive.Stop
2024-10-04 15:14:53,935 - Loaded System Directive: org.apache.velocity.runtime.directive.Define
2024-10-04 15:14:53,936 - Loaded System Directive: org.apache.velocity.runtime.directive.Break
2024-10-04 15:14:53,937 - Loaded System Directive: org.apache.velocity.runtime.directive.Evaluate
2024-10-04 15:14:53,937 - Loaded System Directive: org.apache.velocity.runtime.directive.Literal
2024-10-04 15:14:53,939 - Loaded System Directive: org.apache.velocity.runtime.directive.Macro
2024-10-04 15:14:53,940 - Loaded System Directive: org.apache.velocity.runtime.directive.Parse
2024-10-04 15:14:53,941 - Loaded System Directive: org.apache.velocity.runtime.directive.Include
2024-10-04 15:14:53,941 - Loaded System Directive: org.apache.velocity.runtime.directive.Foreach
2024-10-04 15:14:53,968 - Created '20' parsers.
2024-10-04 15:14:53,974 - Velocimacro : "velocimacro.library" is not set.  Trying default library: VM_global_library.vm
2024-10-04 15:14:53,974 - Could not load resource 'VM_global_library.vm' from ResourceLoader org.apache.velocity.runtime.resource.loader.ClasspathResourceLoader: ClasspathResourceLoader Error: cannot find resource VM_global_library.vm
2024-10-04 15:14:53,974 - Velocimacro : Default library not found.
2024-10-04 15:14:53,974 - Velocimacro : allowInline = true : VMs can be defined inline in templates
2024-10-04 15:14:53,975 - Velocimacro : allowInlineToOverride = false : VMs defined inline may NOT replace previous VM definitions
2024-10-04 15:14:53,975 - Velocimacro : allowInlineLocal = false : VMs defined inline will be global in scope if allowed.
2024-10-04 15:14:53,975 - Velocimacro : autoload off : VM system will not automatically reload global library macros
2024-10-04 15:14:53,985 - Parser Exception: templates/java.vm
org.apache.velocity.runtime.parser.ParseException: Encountered "$field" at line 31, column 44.
Was expecting one of:
    "," ...
    ")" ...
    
	at org.apache.velocity.runtime.parser.Parser.generateParseException(Parser.java:3679)
	at org.apache.velocity.runtime.parser.Parser.jj_consume_token(Parser.java:3558)
	at org.apache.velocity.runtime.parser.Parser.Method(Parser.java:1364)
	at org.apache.velocity.runtime.parser.Parser.Reference(Parser.java:1446)
	at org.apache.velocity.runtime.parser.Parser.Statement(Parser.java:357)
	at org.apache.velocity.runtime.parser.Parser.Directive(Parser.java:918)
	at org.apache.velocity.runtime.parser.Parser.Statement(Parser.java:379)
	at org.apache.velocity.runtime.parser.Parser.process(Parser.java:317)
	at org.apache.velocity.runtime.parser.Parser.parse(Parser.java:117)
	at org.apache.velocity.runtime.RuntimeInstance.parse(RuntimeInstance.java:1226)
	at org.apache.velocity.runtime.RuntimeInstance.parse(RuntimeInstance.java:1181)
	at org.apache.velocity.Template.process(Template.java:134)
	at org.apache.velocity.runtime.resource.ResourceManagerImpl.loadResource(ResourceManagerImpl.java:437)
	at org.apache.velocity.runtime.resource.ResourceManagerImpl.getResource(ResourceManagerImpl.java:352)
	at org.apache.velocity.runtime.RuntimeInstance.getTemplate(RuntimeInstance.java:1533)
	at org.apache.velocity.runtime.RuntimeInstance.getTemplate(RuntimeInstance.java:1514)
	at org.apache.velocity.app.VelocityEngine.getTemplate(VelocityEngine.java:373)
	at main.sdk.TopJavaSDK.generateJavaCode(TopJavaSDK.java:46)
	at main.sdk.TopJavaSDK.main(TopJavaSDK.java:58)
2024-10-04 15:14:53,987 - ResourceManager.getResource() parse exception
org.apache.velocity.exception.ParseErrorException: Encountered "$field" at templates/java.vm[line 31, column 44]
Was expecting one of:
    "," ...
    ")" ...
    
	at org.apache.velocity.Template.process(Template.java:151)
	at org.apache.velocity.runtime.resource.ResourceManagerImpl.loadResource(ResourceManagerImpl.java:437)
	at org.apache.velocity.runtime.resource.ResourceManagerImpl.getResource(ResourceManagerImpl.java:352)
	at org.apache.velocity.runtime.RuntimeInstance.getTemplate(RuntimeInstance.java:1533)
	at org.apache.velocity.runtime.RuntimeInstance.getTemplate(RuntimeInstance.java:1514)
	at org.apache.velocity.app.VelocityEngine.getTemplate(VelocityEngine.java:373)
	at main.sdk.TopJavaSDK.generateJavaCode(TopJavaSDK.java:46)
	at main.sdk.TopJavaSDK.main(TopJavaSDK.java:58)
2024-10-04 15:18:22,559 - Log4JLogChute initialized using file 'velocity.log'
2024-10-04 15:18:22,560 - Initializing Velocity, Calling init()...
2024-10-04 15:18:22,560 - Starting Apache Velocity v1.7 (compiled: 2010-11-19 12:14:37)
2024-10-04 15:18:22,560 - Default Properties File: org/apache/velocity/runtime/defaults/velocity.properties
2024-10-04 15:18:22,560 - Trying to use logger class org.apache.velocity.runtime.log.AvalonLogChute
2024-10-04 15:18:22,560 - Target log system for org.apache.velocity.runtime.log.AvalonLogChute is not available (java.lang.NoClassDefFoundError: org/apache/log/format/Formatter).  Falling back to next log system...
2024-10-04 15:18:22,560 - Trying to use logger class org.apache.velocity.runtime.log.Log4JLogChute
2024-10-04 15:18:22,560 - Using logger class org.apache.velocity.runtime.log.Log4JLogChute
2024-10-04 15:18:22,563 - ResourceLoader instantiated: org.apache.velocity.runtime.resource.loader.ClasspathResourceLoader
2024-10-04 15:18:22,572 - ResourceCache: initialized (class org.apache.velocity.runtime.resource.ResourceCacheImpl) with class java.util.Collections$SynchronizedMap openplatform.cache map.
2024-10-04 15:18:22,573 - Loaded System Directive: org.apache.velocity.runtime.directive.Stop
2024-10-04 15:18:22,574 - Loaded System Directive: org.apache.velocity.runtime.directive.Define
2024-10-04 15:18:22,574 - Loaded System Directive: org.apache.velocity.runtime.directive.Break
2024-10-04 15:18:22,575 - Loaded System Directive: org.apache.velocity.runtime.directive.Evaluate
2024-10-04 15:18:22,575 - Loaded System Directive: org.apache.velocity.runtime.directive.Literal
2024-10-04 15:18:22,576 - Loaded System Directive: org.apache.velocity.runtime.directive.Macro
2024-10-04 15:18:22,577 - Loaded System Directive: org.apache.velocity.runtime.directive.Parse
2024-10-04 15:18:22,578 - Loaded System Directive: org.apache.velocity.runtime.directive.Include
2024-10-04 15:18:22,579 - Loaded System Directive: org.apache.velocity.runtime.directive.Foreach
2024-10-04 15:18:22,604 - Created '20' parsers.
2024-10-04 15:18:22,609 - Velocimacro : "velocimacro.library" is not set.  Trying default library: VM_global_library.vm
2024-10-04 15:18:22,610 - Could not load resource 'VM_global_library.vm' from ResourceLoader org.apache.velocity.runtime.resource.loader.ClasspathResourceLoader: ClasspathResourceLoader Error: cannot find resource VM_global_library.vm
2024-10-04 15:18:22,610 - Velocimacro : Default library not found.
2024-10-04 15:18:22,610 - Velocimacro : allowInline = true : VMs can be defined inline in templates
2024-10-04 15:18:22,610 - Velocimacro : allowInlineToOverride = false : VMs defined inline may NOT replace previous VM definitions
2024-10-04 15:18:22,610 - Velocimacro : allowInlineLocal = false : VMs defined inline will be global in scope if allowed.
2024-10-04 15:18:22,610 - Velocimacro : autoload off : VM system will not automatically reload global library macros
2024-10-04 15:18:22,620 - Parser Exception: templates/java.vm
org.apache.velocity.runtime.parser.ParseException: Encountered "$field" at line 31, column 50.
Was expecting one of:
    "," ...
    ")" ...
    
	at org.apache.velocity.runtime.parser.Parser.generateParseException(Parser.java:3679)
	at org.apache.velocity.runtime.parser.Parser.jj_consume_token(Parser.java:3558)
	at org.apache.velocity.runtime.parser.Parser.Method(Parser.java:1364)
	at org.apache.velocity.runtime.parser.Parser.Reference(Parser.java:1446)
	at org.apache.velocity.runtime.parser.Parser.Statement(Parser.java:357)
	at org.apache.velocity.runtime.parser.Parser.Directive(Parser.java:918)
	at org.apache.velocity.runtime.parser.Parser.Statement(Parser.java:379)
	at org.apache.velocity.runtime.parser.Parser.process(Parser.java:317)
	at org.apache.velocity.runtime.parser.Parser.parse(Parser.java:117)
	at org.apache.velocity.runtime.RuntimeInstance.parse(RuntimeInstance.java:1226)
	at org.apache.velocity.runtime.RuntimeInstance.parse(RuntimeInstance.java:1181)
	at org.apache.velocity.Template.process(Template.java:134)
	at org.apache.velocity.runtime.resource.ResourceManagerImpl.loadResource(ResourceManagerImpl.java:437)
	at org.apache.velocity.runtime.resource.ResourceManagerImpl.getResource(ResourceManagerImpl.java:352)
	at org.apache.velocity.runtime.RuntimeInstance.getTemplate(RuntimeInstance.java:1533)
	at org.apache.velocity.runtime.RuntimeInstance.getTemplate(RuntimeInstance.java:1514)
	at org.apache.velocity.app.VelocityEngine.getTemplate(VelocityEngine.java:373)
	at main.sdk.TopJavaSDK.generateJavaCode(TopJavaSDK.java:46)
	at main.sdk.TopJavaSDK.main(TopJavaSDK.java:58)
2024-10-04 15:18:22,623 - ResourceManager.getResource() parse exception
org.apache.velocity.exception.ParseErrorException: Encountered "$field" at templates/java.vm[line 31, column 50]
Was expecting one of:
    "," ...
    ")" ...
    
	at org.apache.velocity.Template.process(Template.java:151)
	at org.apache.velocity.runtime.resource.ResourceManagerImpl.loadResource(ResourceManagerImpl.java:437)
	at org.apache.velocity.runtime.resource.ResourceManagerImpl.getResource(ResourceManagerImpl.java:352)
	at org.apache.velocity.runtime.RuntimeInstance.getTemplate(RuntimeInstance.java:1533)
	at org.apache.velocity.runtime.RuntimeInstance.getTemplate(RuntimeInstance.java:1514)
	at org.apache.velocity.app.VelocityEngine.getTemplate(VelocityEngine.java:373)
	at main.sdk.TopJavaSDK.generateJavaCode(TopJavaSDK.java:46)
	at main.sdk.TopJavaSDK.main(TopJavaSDK.java:58)
2024-10-04 15:19:13,336 - Log4JLogChute initialized using file 'velocity.log'
2024-10-04 15:19:13,337 - Initializing Velocity, Calling init()...
2024-10-04 15:19:13,337 - Starting Apache Velocity v1.7 (compiled: 2010-11-19 12:14:37)
2024-10-04 15:19:13,337 - Default Properties File: org/apache/velocity/runtime/defaults/velocity.properties
2024-10-04 15:19:13,337 - Trying to use logger class org.apache.velocity.runtime.log.AvalonLogChute
2024-10-04 15:19:13,337 - Target log system for org.apache.velocity.runtime.log.AvalonLogChute is not available (java.lang.NoClassDefFoundError: org/apache/log/format/Formatter).  Falling back to next log system...
2024-10-04 15:19:13,337 - Trying to use logger class org.apache.velocity.runtime.log.Log4JLogChute
2024-10-04 15:19:13,337 - Using logger class org.apache.velocity.runtime.log.Log4JLogChute
2024-10-04 15:19:13,341 - ResourceLoader instantiated: org.apache.velocity.runtime.resource.loader.ClasspathResourceLoader
2024-10-04 15:19:13,351 - ResourceCache: initialized (class org.apache.velocity.runtime.resource.ResourceCacheImpl) with class java.util.Collections$SynchronizedMap openplatform.cache map.
2024-10-04 15:19:13,353 - Loaded System Directive: org.apache.velocity.runtime.directive.Stop
2024-10-04 15:19:13,354 - Loaded System Directive: org.apache.velocity.runtime.directive.Define
2024-10-04 15:19:13,354 - Loaded System Directive: org.apache.velocity.runtime.directive.Break
2024-10-04 15:19:13,355 - Loaded System Directive: org.apache.velocity.runtime.directive.Evaluate
2024-10-04 15:19:13,355 - Loaded System Directive: org.apache.velocity.runtime.directive.Literal
2024-10-04 15:19:13,356 - Loaded System Directive: org.apache.velocity.runtime.directive.Macro
2024-10-04 15:19:13,357 - Loaded System Directive: org.apache.velocity.runtime.directive.Parse
2024-10-04 15:19:13,358 - Loaded System Directive: org.apache.velocity.runtime.directive.Include
2024-10-04 15:19:13,358 - Loaded System Directive: org.apache.velocity.runtime.directive.Foreach
2024-10-04 15:19:13,386 - Created '20' parsers.
2024-10-04 15:19:13,391 - Velocimacro : "velocimacro.library" is not set.  Trying default library: VM_global_library.vm
2024-10-04 15:19:13,392 - Could not load resource 'VM_global_library.vm' from ResourceLoader org.apache.velocity.runtime.resource.loader.ClasspathResourceLoader: ClasspathResourceLoader Error: cannot find resource VM_global_library.vm
2024-10-04 15:19:13,392 - Velocimacro : Default library not found.
2024-10-04 15:19:13,392 - Velocimacro : allowInline = true : VMs can be defined inline in templates
2024-10-04 15:19:13,392 - Velocimacro : allowInlineToOverride = false : VMs defined inline may NOT replace previous VM definitions
2024-10-04 15:19:13,392 - Velocimacro : allowInlineLocal = false : VMs defined inline will be global in scope if allowed.
2024-10-04 15:19:13,392 - Velocimacro : autoload off : VM system will not automatically reload global library macros
2024-10-04 15:19:13,395 - ResourceManager : unable to find resource '/Users/lyc/Desktop/code/interview_notes/Backend/codetemplates/java.vm' in any resource loader.
2024-10-04 15:19:32,305 - Log4JLogChute initialized using file 'velocity.log'
2024-10-04 15:19:32,306 - Initializing Velocity, Calling init()...
2024-10-04 15:19:32,306 - Starting Apache Velocity v1.7 (compiled: 2010-11-19 12:14:37)
2024-10-04 15:19:32,307 - Default Properties File: org/apache/velocity/runtime/defaults/velocity.properties
2024-10-04 15:19:32,307 - Trying to use logger class org.apache.velocity.runtime.log.AvalonLogChute
2024-10-04 15:19:32,307 - Target log system for org.apache.velocity.runtime.log.AvalonLogChute is not available (java.lang.NoClassDefFoundError: org/apache/log/format/Formatter).  Falling back to next log system...
2024-10-04 15:19:32,307 - Trying to use logger class org.apache.velocity.runtime.log.Log4JLogChute
2024-10-04 15:19:32,307 - Using logger class org.apache.velocity.runtime.log.Log4JLogChute
2024-10-04 15:19:32,311 - ResourceLoader instantiated: org.apache.velocity.runtime.resource.loader.ClasspathResourceLoader
2024-10-04 15:19:32,323 - ResourceCache: initialized (class org.apache.velocity.runtime.resource.ResourceCacheImpl) with class java.util.Collections$SynchronizedMap openplatform.cache map.
2024-10-04 15:19:32,325 - Loaded System Directive: org.apache.velocity.runtime.directive.Stop
2024-10-04 15:19:32,326 - Loaded System Directive: org.apache.velocity.runtime.directive.Define
2024-10-04 15:19:32,327 - Loaded System Directive: org.apache.velocity.runtime.directive.Break
2024-10-04 15:19:32,327 - Loaded System Directive: org.apache.velocity.runtime.directive.Evaluate
2024-10-04 15:19:32,328 - Loaded System Directive: org.apache.velocity.runtime.directive.Literal
2024-10-04 15:19:32,329 - Loaded System Directive: org.apache.velocity.runtime.directive.Macro
2024-10-04 15:19:32,330 - Loaded System Directive: org.apache.velocity.runtime.directive.Parse
2024-10-04 15:19:32,331 - Loaded System Directive: org.apache.velocity.runtime.directive.Include
2024-10-04 15:19:32,332 - Loaded System Directive: org.apache.velocity.runtime.directive.Foreach
2024-10-04 15:19:32,357 - Created '20' parsers.
2024-10-04 15:19:32,362 - Velocimacro : "velocimacro.library" is not set.  Trying default library: VM_global_library.vm
2024-10-04 15:19:32,363 - Could not load resource 'VM_global_library.vm' from ResourceLoader org.apache.velocity.runtime.resource.loader.ClasspathResourceLoader: ClasspathResourceLoader Error: cannot find resource VM_global_library.vm
2024-10-04 15:19:32,363 - Velocimacro : Default library not found.
2024-10-04 15:19:32,363 - Velocimacro : allowInline = true : VMs can be defined inline in templates
2024-10-04 15:19:32,363 - Velocimacro : allowInlineToOverride = false : VMs defined inline may NOT replace previous VM definitions
2024-10-04 15:19:32,363 - Velocimacro : allowInlineLocal = false : VMs defined inline will be global in scope if allowed.
2024-10-04 15:19:32,363 - Velocimacro : autoload off : VM system will not automatically reload global library macros
2024-10-04 15:19:32,366 - ResourceManager : unable to find resource '/Users/lyc/Desktop/code/interview_notes/Backend/codetemplates/java.vm' in any resource loader.
2024-10-04 15:20:16,592 - Log4JLogChute initialized using file 'velocity.log'
2024-10-04 15:20:16,593 - Initializing Velocity, Calling init()...
2024-10-04 15:20:16,593 - Starting Apache Velocity v1.7 (compiled: 2010-11-19 12:14:37)
2024-10-04 15:20:16,593 - Default Properties File: org/apache/velocity/runtime/defaults/velocity.properties
2024-10-04 15:20:16,593 - Trying to use logger class org.apache.velocity.runtime.log.AvalonLogChute
2024-10-04 15:20:16,593 - Target log system for org.apache.velocity.runtime.log.AvalonLogChute is not available (java.lang.NoClassDefFoundError: org/apache/log/format/Formatter).  Falling back to next log system...
2024-10-04 15:20:16,593 - Trying to use logger class org.apache.velocity.runtime.log.Log4JLogChute
2024-10-04 15:20:16,593 - Using logger class org.apache.velocity.runtime.log.Log4JLogChute
2024-10-04 15:20:16,597 - ResourceLoader instantiated: org.apache.velocity.runtime.resource.loader.ClasspathResourceLoader
2024-10-04 15:20:16,605 - ResourceCache: initialized (class org.apache.velocity.runtime.resource.ResourceCacheImpl) with class java.util.Collections$SynchronizedMap openplatform.cache map.
2024-10-04 15:20:16,606 - Loaded System Directive: org.apache.velocity.runtime.directive.Stop
2024-10-04 15:20:16,606 - Loaded System Directive: org.apache.velocity.runtime.directive.Define
2024-10-04 15:20:16,607 - Loaded System Directive: org.apache.velocity.runtime.directive.Break
2024-10-04 15:20:16,607 - Loaded System Directive: org.apache.velocity.runtime.directive.Evaluate
2024-10-04 15:20:16,607 - Loaded System Directive: org.apache.velocity.runtime.directive.Literal
2024-10-04 15:20:16,608 - Loaded System Directive: org.apache.velocity.runtime.directive.Macro
2024-10-04 15:20:16,609 - Loaded System Directive: org.apache.velocity.runtime.directive.Parse
2024-10-04 15:20:16,610 - Loaded System Directive: org.apache.velocity.runtime.directive.Include
2024-10-04 15:20:16,611 - Loaded System Directive: org.apache.velocity.runtime.directive.Foreach
2024-10-04 15:20:16,631 - Created '20' parsers.
2024-10-04 15:20:16,635 - Velocimacro : "velocimacro.library" is not set.  Trying default library: VM_global_library.vm
2024-10-04 15:20:16,636 - Could not load resource 'VM_global_library.vm' from ResourceLoader org.apache.velocity.runtime.resource.loader.ClasspathResourceLoader: ClasspathResourceLoader Error: cannot find resource VM_global_library.vm
2024-10-04 15:20:16,636 - Velocimacro : Default library not found.
2024-10-04 15:20:16,636 - Velocimacro : allowInline = true : VMs can be defined inline in templates
2024-10-04 15:20:16,636 - Velocimacro : allowInlineToOverride = false : VMs defined inline may NOT replace previous VM definitions
2024-10-04 15:20:16,636 - Velocimacro : allowInlineLocal = false : VMs defined inline will be global in scope if allowed.
2024-10-04 15:20:16,636 - Velocimacro : autoload off : VM system will not automatically reload global library macros
2024-10-04 15:20:16,638 - ResourceManager : unable to find resource '/Users/lyc/Desktop/code/interview_notes/Backend/code/templates/java.vm' in any resource loader.
2024-10-04 15:25:43,586 - Log4JLogChute initialized using file 'velocity.log'
2024-10-04 15:25:43,587 - Initializing Velocity, Calling init()...
2024-10-04 15:25:43,587 - Starting Apache Velocity v1.7 (compiled: 2010-11-19 12:14:37)
2024-10-04 15:25:43,587 - Default Properties File: org/apache/velocity/runtime/defaults/velocity.properties
2024-10-04 15:25:43,587 - Trying to use logger class org.apache.velocity.runtime.log.AvalonLogChute
2024-10-04 15:25:43,587 - Target log system for org.apache.velocity.runtime.log.AvalonLogChute is not available (java.lang.NoClassDefFoundError: org/apache/log/format/Formatter).  Falling back to next log system...
2024-10-04 15:25:43,587 - Trying to use logger class org.apache.velocity.runtime.log.Log4JLogChute
2024-10-04 15:25:43,587 - Using logger class org.apache.velocity.runtime.log.Log4JLogChute
2024-10-04 15:25:43,590 - ResourceLoader instantiated: org.apache.velocity.runtime.resource.loader.ClasspathResourceLoader
2024-10-04 15:25:43,599 - ResourceCache: initialized (class org.apache.velocity.runtime.resource.ResourceCacheImpl) with class java.util.Collections$SynchronizedMap openplatform.cache map.
2024-10-04 15:25:43,600 - Loaded System Directive: org.apache.velocity.runtime.directive.Stop
2024-10-04 15:25:43,601 - Loaded System Directive: org.apache.velocity.runtime.directive.Define
2024-10-04 15:25:43,602 - Loaded System Directive: org.apache.velocity.runtime.directive.Break
2024-10-04 15:25:43,602 - Loaded System Directive: org.apache.velocity.runtime.directive.Evaluate
2024-10-04 15:25:43,602 - Loaded System Directive: org.apache.velocity.runtime.directive.Literal
2024-10-04 15:25:43,603 - Loaded System Directive: org.apache.velocity.runtime.directive.Macro
2024-10-04 15:25:43,604 - Loaded System Directive: org.apache.velocity.runtime.directive.Parse
2024-10-04 15:25:43,605 - Loaded System Directive: org.apache.velocity.runtime.directive.Include
2024-10-04 15:25:43,606 - Loaded System Directive: org.apache.velocity.runtime.directive.Foreach
2024-10-04 15:25:43,626 - Created '20' parsers.
2024-10-04 15:25:43,630 - Velocimacro : "velocimacro.library" is not set.  Trying default library: VM_global_library.vm
2024-10-04 15:25:43,631 - Could not load resource 'VM_global_library.vm' from ResourceLoader org.apache.velocity.runtime.resource.loader.ClasspathResourceLoader: ClasspathResourceLoader Error: cannot find resource VM_global_library.vm
2024-10-04 15:25:43,631 - Velocimacro : Default library not found.
2024-10-04 15:25:43,631 - Velocimacro : allowInline = true : VMs can be defined inline in templates
2024-10-04 15:25:43,631 - Velocimacro : allowInlineToOverride = false : VMs defined inline may NOT replace previous VM definitions
2024-10-04 15:25:43,631 - Velocimacro : allowInlineLocal = false : VMs defined inline will be global in scope if allowed.
2024-10-04 15:25:43,631 - Velocimacro : autoload off : VM system will not automatically reload global library macros
2024-10-04 15:25:43,640 - Parser Exception: templates/java.vm
org.apache.velocity.runtime.parser.ParseException: Encountered "$field" at line 31, column 50.
Was expecting one of:
    "," ...
    ")" ...
    
	at org.apache.velocity.runtime.parser.Parser.generateParseException(Parser.java:3679)
	at org.apache.velocity.runtime.parser.Parser.jj_consume_token(Parser.java:3558)
	at org.apache.velocity.runtime.parser.Parser.Method(Parser.java:1364)
	at org.apache.velocity.runtime.parser.Parser.Reference(Parser.java:1446)
	at org.apache.velocity.runtime.parser.Parser.Statement(Parser.java:357)
	at org.apache.velocity.runtime.parser.Parser.Directive(Parser.java:918)
	at org.apache.velocity.runtime.parser.Parser.Statement(Parser.java:379)
	at org.apache.velocity.runtime.parser.Parser.process(Parser.java:317)
	at org.apache.velocity.runtime.parser.Parser.parse(Parser.java:117)
	at org.apache.velocity.runtime.RuntimeInstance.parse(RuntimeInstance.java:1226)
	at org.apache.velocity.runtime.RuntimeInstance.parse(RuntimeInstance.java:1181)
	at org.apache.velocity.Template.process(Template.java:134)
	at org.apache.velocity.runtime.resource.ResourceManagerImpl.loadResource(ResourceManagerImpl.java:437)
	at org.apache.velocity.runtime.resource.ResourceManagerImpl.getResource(ResourceManagerImpl.java:352)
	at org.apache.velocity.runtime.RuntimeInstance.getTemplate(RuntimeInstance.java:1533)
	at org.apache.velocity.runtime.RuntimeInstance.getTemplate(RuntimeInstance.java:1514)
	at org.apache.velocity.app.VelocityEngine.getTemplate(VelocityEngine.java:373)
	at main.sdk.TopJavaSDK.generateJavaCode(TopJavaSDK.java:50)
	at main.sdk.TopJavaSDK.main(TopJavaSDK.java:62)
2024-10-04 15:25:43,642 - ResourceManager.getResource() parse exception
org.apache.velocity.exception.ParseErrorException: Encountered "$field" at templates/java.vm[line 31, column 50]
Was expecting one of:
    "," ...
    ")" ...
    
	at org.apache.velocity.Template.process(Template.java:151)
	at org.apache.velocity.runtime.resource.ResourceManagerImpl.loadResource(ResourceManagerImpl.java:437)
	at org.apache.velocity.runtime.resource.ResourceManagerImpl.getResource(ResourceManagerImpl.java:352)
	at org.apache.velocity.runtime.RuntimeInstance.getTemplate(RuntimeInstance.java:1533)
	at org.apache.velocity.runtime.RuntimeInstance.getTemplate(RuntimeInstance.java:1514)
	at org.apache.velocity.app.VelocityEngine.getTemplate(VelocityEngine.java:373)
	at main.sdk.TopJavaSDK.generateJavaCode(TopJavaSDK.java:50)
	at main.sdk.TopJavaSDK.main(TopJavaSDK.java:62)
2024-10-04 15:28:07,614 - Log4JLogChute initialized using file 'velocity.log'
2024-10-04 15:28:07,615 - Initializing Velocity, Calling init()...
2024-10-04 15:28:07,615 - Starting Apache Velocity v1.7 (compiled: 2010-11-19 12:14:37)
2024-10-04 15:28:07,615 - Default Properties File: org/apache/velocity/runtime/defaults/velocity.properties
2024-10-04 15:28:07,615 - Trying to use logger class org.apache.velocity.runtime.log.AvalonLogChute
2024-10-04 15:28:07,615 - Target log system for org.apache.velocity.runtime.log.AvalonLogChute is not available (java.lang.NoClassDefFoundError: org/apache/log/format/Formatter).  Falling back to next log system...
2024-10-04 15:28:07,615 - Trying to use logger class org.apache.velocity.runtime.log.Log4JLogChute
2024-10-04 15:28:07,615 - Using logger class org.apache.velocity.runtime.log.Log4JLogChute
2024-10-04 15:28:07,621 - ResourceLoader instantiated: org.apache.velocity.runtime.resource.loader.ClasspathResourceLoader
2024-10-04 15:28:07,634 - ResourceCache: initialized (class org.apache.velocity.runtime.resource.ResourceCacheImpl) with class java.util.Collections$SynchronizedMap openplatform.cache map.
2024-10-04 15:28:07,635 - Loaded System Directive: org.apache.velocity.runtime.directive.Stop
2024-10-04 15:28:07,637 - Loaded System Directive: org.apache.velocity.runtime.directive.Define
2024-10-04 15:28:07,637 - Loaded System Directive: org.apache.velocity.runtime.directive.Break
2024-10-04 15:28:07,638 - Loaded System Directive: org.apache.velocity.runtime.directive.Evaluate
2024-10-04 15:28:07,639 - Loaded System Directive: org.apache.velocity.runtime.directive.Literal
2024-10-04 15:28:07,640 - Loaded System Directive: org.apache.velocity.runtime.directive.Macro
2024-10-04 15:28:07,642 - Loaded System Directive: org.apache.velocity.runtime.directive.Parse
2024-10-04 15:28:07,643 - Loaded System Directive: org.apache.velocity.runtime.directive.Include
2024-10-04 15:28:07,650 - Loaded System Directive: org.apache.velocity.runtime.directive.Foreach
2024-10-04 15:28:07,698 - Created '20' parsers.
2024-10-04 15:28:07,703 - Velocimacro : "velocimacro.library" is not set.  Trying default library: VM_global_library.vm
2024-10-04 15:28:07,704 - Could not load resource 'VM_global_library.vm' from ResourceLoader org.apache.velocity.runtime.resource.loader.ClasspathResourceLoader: ClasspathResourceLoader Error: cannot find resource VM_global_library.vm
2024-10-04 15:28:07,704 - Velocimacro : Default library not found.
2024-10-04 15:28:07,704 - Velocimacro : allowInline = true : VMs can be defined inline in templates
2024-10-04 15:28:07,704 - Velocimacro : allowInlineToOverride = false : VMs defined inline may NOT replace previous VM definitions
2024-10-04 15:28:07,704 - Velocimacro : allowInlineLocal = false : VMs defined inline will be global in scope if allowed.
2024-10-04 15:28:07,704 - Velocimacro : autoload off : VM system will not automatically reload global library macros
2024-10-04 15:28:07,718 - ResourceManager : found templates/java.vm with loader org.apache.velocity.runtime.resource.loader.ClasspathResourceLoader
2024-10-04 15:28:07,732 - Null reference [template 'templates/java.vm', line 34, column 28] : ${field.upperName()} cannot be resolved.
2024-10-04 15:28:07,732 - Null reference [template 'templates/java.vm', line 34, column 28] : ${field.upperName()} cannot be resolved.
2024-10-04 15:28:07,733 - Null reference [template 'templates/java.vm', line 34, column 28] : ${field.upperName()} cannot be resolved.
2024-10-04 15:28:49,073 - Log4JLogChute initialized using file 'velocity.log'
2024-10-04 15:28:49,074 - Initializing Velocity, Calling init()...
2024-10-04 15:28:49,074 - Starting Apache Velocity v1.7 (compiled: 2010-11-19 12:14:37)
2024-10-04 15:28:49,074 - Default Properties File: org/apache/velocity/runtime/defaults/velocity.properties
2024-10-04 15:28:49,074 - Trying to use logger class org.apache.velocity.runtime.log.AvalonLogChute
2024-10-04 15:28:49,074 - Target log system for org.apache.velocity.runtime.log.AvalonLogChute is not available (java.lang.NoClassDefFoundError: org/apache/log/format/Formatter).  Falling back to next log system...
2024-10-04 15:28:49,074 - Trying to use logger class org.apache.velocity.runtime.log.Log4JLogChute
2024-10-04 15:28:49,074 - Using logger class org.apache.velocity.runtime.log.Log4JLogChute
2024-10-04 15:28:49,077 - ResourceLoader instantiated: org.apache.velocity.runtime.resource.loader.ClasspathResourceLoader
2024-10-04 15:28:49,087 - ResourceCache: initialized (class org.apache.velocity.runtime.resource.ResourceCacheImpl) with class java.util.Collections$SynchronizedMap openplatform.cache map.
2024-10-04 15:28:49,088 - Loaded System Directive: org.apache.velocity.runtime.directive.Stop
2024-10-04 15:28:49,089 - Loaded System Directive: org.apache.velocity.runtime.directive.Define
2024-10-04 15:28:49,089 - Loaded System Directive: org.apache.velocity.runtime.directive.Break
2024-10-04 15:28:49,090 - Loaded System Directive: org.apache.velocity.runtime.directive.Evaluate
2024-10-04 15:28:49,091 - Loaded System Directive: org.apache.velocity.runtime.directive.Literal
2024-10-04 15:28:49,091 - Loaded System Directive: org.apache.velocity.runtime.directive.Macro
2024-10-04 15:28:49,092 - Loaded System Directive: org.apache.velocity.runtime.directive.Parse
2024-10-04 15:28:49,093 - Loaded System Directive: org.apache.velocity.runtime.directive.Include
2024-10-04 15:28:49,094 - Loaded System Directive: org.apache.velocity.runtime.directive.Foreach
2024-10-04 15:28:49,120 - Created '20' parsers.
2024-10-04 15:28:49,126 - Velocimacro : "velocimacro.library" is not set.  Trying default library: VM_global_library.vm
2024-10-04 15:28:49,126 - Could not load resource 'VM_global_library.vm' from ResourceLoader org.apache.velocity.runtime.resource.loader.ClasspathResourceLoader: ClasspathResourceLoader Error: cannot find resource VM_global_library.vm
2024-10-04 15:28:49,126 - Velocimacro : Default library not found.
2024-10-04 15:28:49,126 - Velocimacro : allowInline = true : VMs can be defined inline in templates
2024-10-04 15:28:49,126 - Velocimacro : allowInlineToOverride = false : VMs defined inline may NOT replace previous VM definitions
2024-10-04 15:28:49,126 - Velocimacro : allowInlineLocal = false : VMs defined inline will be global in scope if allowed.
2024-10-04 15:28:49,126 - Velocimacro : autoload off : VM system will not automatically reload global library macros
2024-10-04 15:28:49,139 - ResourceManager : found templates/java.vm with loader org.apache.velocity.runtime.resource.loader.ClasspathResourceLoader
